2016-11-25T13:17:59.969Z - normal: Load ~/.CocosCreator/settings.json
2016-11-25T13:17:59.973Z - normal: checking language setting...
2016-11-25T13:17:59.973Z - normal: Language: zh
2016-11-25T13:18:00.004Z - success: protocol editor-framework registered
2016-11-25T13:18:00.005Z - success: protocol app registered
2016-11-25T13:18:00.005Z - success: protocol packages registered
2016-11-25T13:18:00.006Z - success: protocol theme registered
2016-11-25T13:18:00.006Z - success: protocol unpack registerred
2016-11-25T13:18:00.369Z - normal: connected!
2016-11-25T13:18:00.372Z - normal: Check project /Users/lingyun/workSpace/creator/LanguageCallSample
2016-11-25T13:18:00.375Z - normal: Initializing Cocos Creator Editor
2016-11-25T13:18:00.648Z - normal: Initializing Cocos2d
2016-11-25T13:18:00.801Z - normal: Initializing Asset Database
2016-11-25T13:18:00.816Z - success: protocol uuid registerred
2016-11-25T13:18:00.816Z - success: protocol db registerred
2016-11-25T13:18:00.816Z - success: protocol thumbnail registerred
2016-11-25T13:18:00.816Z - normal: Loading editor/builtin packages
2016-11-25T13:18:00.918Z - success: assets loaded
2016-11-25T13:18:00.923Z - success: builder loaded
2016-11-25T13:18:00.927Z - success: hierarchy loaded
2016-11-25T13:18:00.931Z - success: inspector loaded
2016-11-25T13:18:00.932Z - success: keystore loaded
2016-11-25T13:18:00.936Z - success: node-library loaded
2016-11-25T13:18:00.939Z - success: preferences loaded
2016-11-25T13:18:00.952Z - success: project-importer loaded
2016-11-25T13:18:00.955Z - success: project-settings loaded
2016-11-25T13:18:00.958Z - success: ui-kit loaded
2016-11-25T13:18:00.962Z - success: ui-grid loaded
2016-11-25T13:18:00.966Z - success: scene loaded
2016-11-25T13:18:00.967Z - success: sprite-editor loaded
2016-11-25T13:18:00.972Z - success: timeline loaded
2016-11-25T13:18:00.972Z - normal: Loading builtin packages
2016-11-25T13:18:00.976Z - success: asset-db-debugger loaded
2016-11-25T13:18:00.978Z - success: code-editor loaded
2016-11-25T13:18:00.979Z - success: color-picker loaded
2016-11-25T13:18:00.982Z - success: console loaded
2016-11-25T13:18:00.986Z - success: package-manager loaded
2016-11-25T13:18:00.989Z - success: tester loaded
2016-11-25T13:18:00.992Z - success: ui-kit-preview-extra loaded
2016-11-25T13:18:00.995Z - success: ui-kit-preview loaded
2016-11-25T13:18:00.997Z - success: ui-tree loaded
2016-11-25T13:18:01.029Z - normal: Initializing project /Users/lingyun/workSpace/creator/LanguageCallSample
2016-11-25T13:18:01.029Z - warn: Profile local-local warning: reset profile field: last-edit
2016-11-25T13:18:01.032Z - normal: Loading packages
2016-11-25T13:18:01.037Z - normal: Watching packages
2016-11-25T13:18:01.048Z - normal: Run Application
2016-11-25T13:18:01.326Z - success: preview server running at http://localhost:7456
2016-11-25T13:18:04.641Z - normal: 1.3.2-rc.1
2016-11-25T13:19:55.784Z - normal: Compiled successfully
2016-11-25T13:21:39.760Z - normal: Compiled successfully
2016-11-25T13:21:43.708Z - normal: Compiled successfully
2016-11-25T13:21:58.840Z - normal: Compiled successfully
2016-11-25T13:23:37.047Z - normal: Compiled successfully
2016-11-25T13:29:53.182Z - info: shutdown preview server
